<?xml version="1.0" encoding="UTF-8"?>
<!-- Generated by org.testng.reporters.JUnitXMLReporter -->
<testsuite ignored="2" hostname="DESKTOP-6CV4G98" failures="0" tests="2" name="Test" time="7.634" errors="0" timestamp="2022-11-23T21:48:20 IST">
  <testcase classname="tests.LoginTest" name="login" time="3.788"/>
  <testcase classname="tests.HomePageTest" name="logout" time="3.776"/>
  <testcase classname="tests.BaseTest" name="@AfterSuite tear" time="0.0">
    <ignored/>
  </testcase> <!-- @AfterSuite tear -->
  <testcase classname="tests.BaseTest" name="@BeforeSuite launchBrowser" time="0.0">
    <ignored/>
  </testcase> <!-- @BeforeSuite launchBrowser -->
</testsuite> <!-- Test -->
