<?xml version="1.0" encoding="UTF-8"?>
<testng-results ignored="2" total="4" passed="2" failed="0" skipped="0">
  <reporter-output>
  </reporter-output>
  <suite started-at="2022-11-23T21:48:12 IST" name="Suite" finished-at="2022-11-23T21:48:20 IST" duration-ms="7634">
    <groups>
    </groups>
    <test started-at="2022-11-23T21:48:12 IST" name="Test" finished-at="2022-11-23T21:48:20 IST" duration-ms="7634">
      <class name="tests.LoginTest">
        <test-method is-config="true" signature="launchBrowser()[pri:0, instance:tests.LoginTest@68c9133c]" started-at="2022-11-23T21:48:05 IST" name="launchBrowser" finished-at="2022-11-23T21:48:12 IST" duration-ms="6678" status="PASS">
          <reporter-output>
          </reporter-output>
        </test-method> <!-- launchBrowser -->
        <test-method is-config="true" signature="init()[pri:0, instance:tests.LoginTest@68c9133c]" started-at="2022-11-23T21:48:12 IST" name="init" finished-at="2022-11-23T21:48:12 IST" duration-ms="19" status="PASS">
          <reporter-output>
          </reporter-output>
        </test-method> <!-- init -->
        <test-method signature="login()[pri:0, instance:tests.LoginTest@68c9133c]" started-at="2022-11-23T21:48:12 IST" name="login" finished-at="2022-11-23T21:48:16 IST" duration-ms="3788" status="PASS">
          <reporter-output>
          </reporter-output>
        </test-method> <!-- login -->
        <test-method is-config="true" signature="tear()[pri:0, instance:tests.LoginTest@68c9133c]" started-at="2022-11-23T21:48:20 IST" name="tear" finished-at="2022-11-23T21:48:20 IST" duration-ms="0" status="PASS">
          <reporter-output>
          </reporter-output>
        </test-method> <!-- tear -->
      </class> <!-- tests.LoginTest -->
      <class name="tests.HomePageTest">
        <test-method is-config="true" signature="init()[pri:0, instance:tests.HomePageTest@16eb3ea3]" started-at="2022-11-23T21:48:16 IST" name="init" finished-at="2022-11-23T21:48:16 IST" duration-ms="2" status="PASS">
          <reporter-output>
          </reporter-output>
        </test-method> <!-- init -->
        <test-method signature="logout()[pri:0, instance:tests.HomePageTest@16eb3ea3]" started-at="2022-11-23T21:48:16 IST" name="logout" finished-at="2022-11-23T21:48:20 IST" duration-ms="3776" status="PASS">
          <reporter-output>
          </reporter-output>
        </test-method> <!-- logout -->
        <test-method is-config="true" signature="teardDown()[pri:0, instance:tests.HomePageTest@16eb3ea3]" started-at="2022-11-23T21:48:20 IST" name="teardDown" finished-at="2022-11-23T21:48:20 IST" duration-ms="1" status="PASS">
          <reporter-output>
          </reporter-output>
        </test-method> <!-- teardDown -->
      </class> <!-- tests.HomePageTest -->
    </test> <!-- Test -->
  </suite> <!-- Suite -->
</testng-results>
